Using pre-set license
Built from '2021.3/staging' branch; Version is '2021.3.23f1 (213b516bf396) revision 2177873'; Using compiler version '192829333'; Build Type 'Release'
OS: 'Windows 11  (10.0.22631) 64bit CoreSingleLanguage' Language: 'en' Physical Memory: 7918 MB
BatchMode: 1, IsHumanControllingUs: 0, StartBugReporterOnCrash: 0, Is64bit: 1, IsPro: 1

COMMAND LINE ARGUMENTS:
B:\UNITY\2021.3.23f1\Editor\Unity.exe
-adb2
-batchMode
-noUpm
-name
AssetImportWorker1
-projectPath
B:/UNITY PROJECTS/VR interactable room
-logFile
Logs/AssetImportWorker1.log
-srvPort
52126
Successfully changed project path to: B:/UNITY PROJECTS/VR interactable room
B:/UNITY PROJECTS/VR interactable room
[UnityMemory] Configuration Parameters - Can be set up in boot.config
    "memorysetup-bucket-allocator-granularity=16"
    "memorysetup-bucket-allocator-bucket-count=8"
    "memorysetup-bucket-allocator-block-size=33554432"
    "memorysetup-bucket-allocator-block-count=8"
    "memorysetup-main-allocator-block-size=16777216"
    "memorysetup-thread-allocator-block-size=16777216"
    "memorysetup-gfx-main-allocator-block-size=16777216"
    "memorysetup-gfx-thread-allocator-block-size=16777216"
    "memorysetup-cache-allocator-block-size=4194304"
    "memorysetup-typetree-allocator-block-size=2097152"
    "memorysetup-profiler-bucket-allocator-granularity=16"
    "memorysetup-profiler-bucket-allocator-bucket-count=8"
    "memorysetup-profiler-bucket-allocator-block-size=33554432"
    "memorysetup-profiler-bucket-allocator-block-count=8"
    "memorysetup-profiler-allocator-block-size=16777216"
    "memorysetup-profiler-editor-allocator-block-size=1048576"
    "memorysetup-temp-allocator-size-main=16777216"
    "memorysetup-job-temp-allocator-block-size=2097152"
    "memorysetup-job-temp-allocator-block-size-background=1048576"
    "memorysetup-job-temp-allocator-reduction-small-platforms=262144"
    "memorysetup-temp-allocator-size-background-worker=32768"
    "memorysetup-temp-allocator-size-job-worker=262144"
    "memorysetup-temp-allocator-size-preload-manager=33554432"
    "memorysetup-temp-allocator-size-nav-mesh-worker=65536"
    "memorysetup-temp-allocator-size-audio-worker=65536"
    "memorysetup-temp-allocator-size-cloud-worker=32768"
    "memorysetup-temp-allocator-size-gi-baking-worker=262144"
    "memorysetup-temp-allocator-size-gfx=262144"
Player connection [15068] Host "[IP] 192.168.36.33 [Port] 0 [Flags] 2 [Guid] 136929101 [EditorId] 136929101 [Version] 1048832 [Id] WindowsEditor(7,??D?rk??t?a????) [Debug] 1 [PackageName] WindowsEditor [ProjectName] Editor" joined multi-casting on [225.0.0.222:54997]...

Player connection [15068] Host "[IP] 192.168.36.33 [Port] 0 [Flags] 2 [Guid] 136929101 [EditorId] 136929101 [Version] 1048832 [Id] WindowsEditor(7,??D?rk??t?a????) [Debug] 1 [PackageName] WindowsEditor [ProjectName] Editor" joined alternative multi-casting on [225.0.0.222:34997]...

Refreshing native plugins compatible for Editor in 206.62 ms, found 9 plugins.
Preloading 0 native plugins for Editor in 0.00 ms.
Initialize engine version: 2021.3.23f1 (213b516bf396)
[Subsystems] Discovering subsystems at path B:/UNITY/2021.3.23f1/Editor/Data/Resources/UnitySubsystems
[Subsystems] Discovering subsystems at path B:/UNITY PROJECTS/VR interactable room/Assets
GfxDevice: creating device client; threaded=0; jobified=0
Direct3D:
    Version:  Direct3D 11.0 [level 11.1]
    Renderer: Intel(R) Iris(R) Xe Graphics (ID=0x9a49)
    Vendor:   Intel
    VRAM:     3959 MB
    Driver:   31.0.101.4575
Initialize mono
Mono path[0] = 'B:/UNITY/2021.3.23f1/Editor/Data/Managed'
Mono path[1] = 'B:/UNITY/2021.3.23f1/Editor/Data/MonoBleedingEdge/lib/mono/unityjit-win32'
Mono config path = 'B:/UNITY/2021.3.23f1/Editor/Data/MonoBleedingEdge/etc'
Using monoOptions --debugger-agent=transport=dt_socket,embedding=1,server=y,suspend=n,address=127.0.0.1:56800
Begin MonoManager ReloadAssembly
Registering precompiled unity dll's ...
Register platform support module: B:/UNITY/2021.3.23f1/Editor/Data/PlaybackEngines/AndroidPlayer/UnityEditor.Android.Extensions.dll
Register platform support module: B:/UNITY/2021.3.23f1/Editor/Data/PlaybackEngines/WindowsStandaloneSupport/UnityEditor.WindowsStandalone.Extensions.dll
Registered in 0.004893 seconds.
Native extension for WindowsStandalone target not found
Native extension for Android target not found
Android Extension - Scanning For ADB Devices 435 ms
Refreshing native plugins compatible for Editor in 157.44 ms, found 9 plugins.
Preloading 0 native plugins for Editor in 0.00 ms.
Mono: successfully reloaded assembly
- Completed reload, in  1.594 seconds
Domain Reload Profiling:
	ReloadAssembly (1595ms)
		BeginReloadAssembly (329ms)
			ExecutionOrderSort (0ms)
			DisableScriptedObjects (0ms)
			BackupInstance (0ms)
			ReleaseScriptingObjects (0ms)
			CreateAndSetChildDomain (1ms)
		EndReloadAssembly (1135ms)
			LoadAssemblies (328ms)
			RebuildTransferFunctionScriptingTraits (0ms)
			SetupTypeCache (144ms)
			ReleaseScriptCaches (0ms)
			RebuildScriptCaches (49ms)
			SetupLoadedEditorAssemblies (875ms)
				LogAssemblyErrors (0ms)
				InitializePlatformSupportModulesInManaged (526ms)
				SetLoadedEditorAssemblies (0ms)
				RefreshPlugins (158ms)
				BeforeProcessingInitializeOnLoad (2ms)
				ProcessInitializeOnLoadAttributes (124ms)
				ProcessInitializeOnLoadMethodAttributes (65ms)
				AfterProcessingInitializeOnLoad (0ms)
				EditorAssembliesLoaded (0ms)
			ExecutionOrderSort2 (0ms)
			AwakeInstancesAfterBackupRestoration (0ms)
Platform modules already initialized, skipping
Registering precompiled user dll's ...
Registered in 0.108828 seconds.
Begin MonoManager ReloadAssembly
Symbol file LoadedFromMemory doesn't match image B:\UNITY PROJECTS\VR interactable room\Library\PackageCache\com.unity.visualscripting@1.8.0\Editor\VisualScripting.Core\Dependencies\DotNetZip\Unity.VisualScripting.IonicZip.dll
Symbol file LoadedFromMemory doesn't match image B:\UNITY PROJECTS\VR interactable room\Library\PackageCache\com.unity.visualscripting@1.8.0\Editor\VisualScripting.Core\Dependencies\YamlDotNet\Unity.VisualScripting.YamlDotNet.dll
Native extension for WindowsStandalone target not found
Native extension for Android target not found
Refreshing native plugins compatible for Editor in 226.91 ms, found 9 plugins.
Preloading 0 native plugins for Editor in 0.00 ms.
Package Manager log level set to [2]
Mono: successfully reloaded assembly
- Completed reload, in  3.109 seconds
Domain Reload Profiling:
	ReloadAssembly (3112ms)
		BeginReloadAssembly (316ms)
			ExecutionOrderSort (0ms)
			DisableScriptedObjects (10ms)
			BackupInstance (0ms)
			ReleaseScriptingObjects (0ms)
			CreateAndSetChildDomain (33ms)
		EndReloadAssembly (2652ms)
			LoadAssemblies (656ms)
			RebuildTransferFunctionScriptingTraits (0ms)
			SetupTypeCache (747ms)
			ReleaseScriptCaches (4ms)
			RebuildScriptCaches (125ms)
			SetupLoadedEditorAssemblies (1160ms)
				LogAssemblyErrors (0ms)
				InitializePlatformSupportModulesInManaged (16ms)
				SetLoadedEditorAssemblies (0ms)
				RefreshPlugins (227ms)
				BeforeProcessingInitializeOnLoad (211ms)
				ProcessInitializeOnLoadAttributes (505ms)
				ProcessInitializeOnLoadMethodAttributes (195ms)
				AfterProcessingInitializeOnLoad (4ms)
				EditorAssembliesLoaded (0ms)
			ExecutionOrderSort2 (0ms)
			AwakeInstancesAfterBackupRestoration (14ms)
Platform modules already initialized, skipping
========================================================================
Worker process is ready to serve import requests
Launched and connected shader compiler UnityShaderCompiler.exe after 0.09 seconds
Refreshing native plugins compatible for Editor in 1.22 ms, found 9 plugins.
Preloading 0 native plugins for Editor in 0.00 ms.
Unloading 5915 Unused Serialized files (Serialized files now loaded: 0)
Unloading 62 unused Assets / (0.8 MB). Loaded Objects now: 6370.
Memory consumption went from 229.1 MB to 228.4 MB.
Total: 9.497700 ms (FindLiveObjects: 0.964800 ms CreateObjectMapping: 0.695400 ms MarkObjects: 7.135900 ms  DeleteObjects: 0.699400 ms)

AssetImportParameters requested are different than current active one (requested -> active):
  custom:video-decoder-ogg-theora: a1e56fd34408186e4bbccfd4996cb3dc -> 
  custom:container-muxer-webm: aa71ff27fc2769a1b78a27578f13a17b -> 
  custom:container-demuxer-webm: 4f35f7cbe854078d1ac9338744f61a02 -> 
  custom:video-encoder-webm-vp8: eb34c28f22e8b96e1ab97ce403110664 -> 
  custom:video-codec-MediaFoundation-h265: 746d11721c4dcdbdad8f713fa42b33f4 -> 
  custom:audio-encoder-webm-vorbis: bf7c407c2cedff20999df2af8eb42d56 -> 
  custom:framework-win-MediaFoundation: 216162199b28c13a410421893ffa2e32 -> 
  custom:container-demuxer-ogg: 62fdf1f143b41e24485cea50d1cbac27 -> 
  custom:video-decoder-webm-vp8: 9c59270c3fd7afecdb556c50c9e8de78 -> 
  custom:audio-decoder-ogg-vorbis: bf7c407c2cedff20999df2af8eb42d56 -> 
========================================================================
Received Import Request.
  Time since last request: 6884.291693 seconds.
  path: Assets/VR Room/Assets/_Course Library/Source Files/Models/Backgrounds/BuldingBlock_1.fbx
  artifactKey: Guid(6740ac64e8805ed4991de696e52555ed) Importer(815301076,1909f56bfc062723c751e8b465ee728b)
Start importing Assets/VR Room/Assets/_Course Library/Source Files/Models/Backgrounds/BuldingBlock_1.fbx using Guid(6740ac64e8805ed4991de696e52555ed) Importer(815301076,1909f56bfc062723c751e8b465ee728b)  -> (artifact id: '5a27b73a3522994880d276489df380e7') in 1.099965 seconds 
========================================================================
Received Import Request.
  Time since last request: 0.000094 seconds.
  path: Assets/VR Room/Assets/Challenges/01_Architecture/Materials/Glass.mat
  artifactKey: Guid(868f107daf3fc97428e08f6e5b30dd74) Importer(815301076,1909f56bfc062723c751e8b465ee728b)
Start importing Assets/VR Room/Assets/Challenges/01_Architecture/Materials/Glass.mat using Guid(868f107daf3fc97428e08f6e5b30dd74) Importer(815301076,1909f56bfc062723c751e8b465ee728b)  -> (artifact id: 'a32b2867b12c6198667c0bafb2d69738') in 0.153458 seconds 
========================================================================
Received Import Request.
  Time since last request: 0.000327 seconds.
  path: Assets/VR Room/Assets/Challenges/03_Training/Materials/Button_Red.mat
  artifactKey: Guid(26f94bcb7e8d542468037d27f594d83a) Importer(815301076,1909f56bfc062723c751e8b465ee728b)
Start importing Assets/VR Room/Assets/Challenges/03_Training/Materials/Button_Red.mat using Guid(26f94bcb7e8d542468037d27f594d83a) Importer(815301076,1909f56bfc062723c751e8b465ee728b)  -> (artifact id: 'df4678552e6de95e0713edf7a68c11cc') in 2.582375 seconds 
========================================================================
Received Import Request.
  Time since last request: 0.000058 seconds.
  path: Packages/com.unity.searcher/Editor/Resources/FlatSkin/Font/Roboto-Black.ttf
  artifactKey: Guid(1062c701058745940ae5dca6219c64c8) Importer(815301076,1909f56bfc062723c751e8b465ee728b)
Start importing Packages/com.unity.searcher/Editor/Resources/FlatSkin/Font/Roboto-Black.ttf using Guid(1062c701058745940ae5dca6219c64c8) Importer(815301076,1909f56bfc062723c751e8b465ee728b)  -> (artifact id: '465756dfaae66750f28b0dfb659bee59') in 0.142580 seconds 
========================================================================
Received Import Request.
  Time since last request: 0.000071 seconds.
  path: Assets/VR Room/Assets/_Course Library/_Prefabs/Objects/Books/Book_A_Brown.prefab
  artifactKey: Guid(39769aa81defa294a988cff8024333a6) Importer(815301076,1909f56bfc062723c751e8b465ee728b)
Start importing Assets/VR Room/Assets/_Course Library/_Prefabs/Objects/Books/Book_A_Brown.prefab using Guid(39769aa81defa294a988cff8024333a6) Importer(815301076,1909f56bfc062723c751e8b465ee728b)  -> (artifact id: '6199c5f6f637e528eeabd100a2b27287') in 0.152433 seconds 
========================================================================
Received Import Request.
  Time since last request: 0.000176 seconds.
  path: Assets/VR Room/Assets/Challenges/01_Architecture/Materials/Carpet.mat
  artifactKey: Guid(d0e9088a57d6e7240bf0b6c4b008ddef) Importer(815301076,1909f56bfc062723c751e8b465ee728b)
Start importing Assets/VR Room/Assets/Challenges/01_Architecture/Materials/Carpet.mat using Guid(d0e9088a57d6e7240bf0b6c4b008ddef) Importer(815301076,1909f56bfc062723c751e8b465ee728b)  -> (artifact id: 'cad5a1664c48442aad86a512b1efd34d') in 0.102570 seconds 
========================================================================
Received Import Request.
  Time since last request: 0.000077 seconds.
  path: Assets/VR Room/Assets/_Course Library/Source Files/Models/Ball_Baseball.fbx
  artifactKey: Guid(40e4cec1d817dec42843bf5cff0ef4d4) Importer(815301076,1909f56bfc062723c751e8b465ee728b)
Start importing Assets/VR Room/Assets/_Course Library/Source Files/Models/Ball_Baseball.fbx using Guid(40e4cec1d817dec42843bf5cff0ef4d4) Importer(815301076,1909f56bfc062723c751e8b465ee728b)  -> (artifact id: 'c3eaa05cb75e2a25f35ed881dced1d82') in 0.134022 seconds 
========================================================================
Received Import Request.
  Time since last request: 0.000094 seconds.
  path: Assets/VR Room/Assets/_Course Library/Source Files/Models/Ball_Tennis.fbx
  artifactKey: Guid(d6b5780a9f86954498a6a8eb9db39df5) Importer(815301076,1909f56bfc062723c751e8b465ee728b)
Start importing Assets/VR Room/Assets/_Course Library/Source Files/Models/Ball_Tennis.fbx using Guid(d6b5780a9f86954498a6a8eb9db39df5) Importer(815301076,1909f56bfc062723c751e8b465ee728b)  -> (artifact id: '4e81bc4aa7df40cd041937ce11a13ff6') in 0.212151 seconds 
========================================================================
Received Import Request.
  Time since last request: 0.000096 seconds.
  path: Assets/VR Room/Assets/_Course Library/Source Files/Models/Backgrounds/BuldingBlock_3.fbx
  artifactKey: Guid(eeadb852347da4b4386bf85763d80980) Importer(815301076,1909f56bfc062723c751e8b465ee728b)
Start importing Assets/VR Room/Assets/_Course Library/Source Files/Models/Backgrounds/BuldingBlock_3.fbx using Guid(eeadb852347da4b4386bf85763d80980) Importer(815301076,1909f56bfc062723c751e8b465ee728b)  -> (artifact id: '1ed421ec39e8591d8aa80f86dcc938a9') in 0.220813 seconds 
========================================================================
Received Import Request.
  Time since last request: 0.000182 seconds.
  path: Assets/VR Room/Assets/_Course Library/_Prefabs/Bins/Bin_Round_White.prefab
  artifactKey: Guid(f53b75d63a0f12e4f9207b643d400e0c) Importer(815301076,1909f56bfc062723c751e8b465ee728b)
Start importing Assets/VR Room/Assets/_Course Library/_Prefabs/Bins/Bin_Round_White.prefab using Guid(f53b75d63a0f12e4f9207b643d400e0c) Importer(815301076,1909f56bfc062723c751e8b465ee728b)  -> (artifact id: 'edf25e5e64a1262cc1fd90969c8a57a3') in 0.131850 seconds 
========================================================================
Received Import Request.
  Time since last request: 0.000186 seconds.
  path: Assets/VR Room/Assets/Challenges/03_Training/Materials/Button_Blue.mat
  artifactKey: Guid(37a7c2a9456aa483c8adc48ced2c492d) Importer(815301076,1909f56bfc062723c751e8b465ee728b)
Start importing Assets/VR Room/Assets/Challenges/03_Training/Materials/Button_Blue.mat using Guid(37a7c2a9456aa483c8adc48ced2c492d) Importer(815301076,1909f56bfc062723c751e8b465ee728b)  -> (artifact id: 'c5762dcdedbfd18c466fab778b8c0c9f') in 0.091139 seconds 
========================================================================
Received Import Request.
  Time since last request: 0.000190 seconds.
  path: Assets/VR Room/Assets/Challenges/03_Training/Materials/Floor.mat
  artifactKey: Guid(2c205be5a4d701441a98c2ef25773ec8) Importer(815301076,1909f56bfc062723c751e8b465ee728b)
Start importing Assets/VR Room/Assets/Challenges/03_Training/Materials/Floor.mat using Guid(2c205be5a4d701441a98c2ef25773ec8) Importer(815301076,1909f56bfc062723c751e8b465ee728b)  -> (artifact id: 'c6aad3d2a66ce61db1758ded75a9b60c') in 0.101369 seconds 
========================================================================
Received Import Request.
  Time since last request: 0.000224 seconds.
  path: Assets/VR Room/Assets/_Course Library/Source Files/Models/Art_Painting_5.fbx
  artifactKey: Guid(d6abe7a25983f9c4ea3bb6f1a0ae0d9a) Importer(815301076,1909f56bfc062723c751e8b465ee728b)
Start importing Assets/VR Room/Assets/_Course Library/Source Files/Models/Art_Painting_5.fbx using Guid(d6abe7a25983f9c4ea3bb6f1a0ae0d9a) Importer(815301076,1909f56bfc062723c751e8b465ee728b)  -> (artifact id: '82f4b77ea201d2f03122cb899564b1ee') in 0.119202 seconds 
========================================================================
Received Import Request.
  Time since last request: 0.000061 seconds.
  path: Packages/com.unity.searcher/Editor/Resources/FlatSkin/Font/Roboto-Regular.ttf
  artifactKey: Guid(30dc370b164eefc43b95744fc796dad0) Importer(815301076,1909f56bfc062723c751e8b465ee728b)
Start importing Packages/com.unity.searcher/Editor/Resources/FlatSkin/Font/Roboto-Regular.ttf using Guid(30dc370b164eefc43b95744fc796dad0) Importer(815301076,1909f56bfc062723c751e8b465ee728b)  -> (artifact id: 'be459a69a192c1d37203425d4697d215') in 0.124339 seconds 
========================================================================
Received Import Request.
  Time since last request: 0.000133 seconds.
  path: Assets/VR Room/Assets/_Course Library/Source Files/Models/Backgrounds/BuldingBlock_2.fbx
  artifactKey: Guid(fafbe2be630728948b3232d286fcfec1) Importer(815301076,1909f56bfc062723c751e8b465ee728b)
Start importing Assets/VR Room/Assets/_Course Library/Source Files/Models/Backgrounds/BuldingBlock_2.fbx using Guid(fafbe2be630728948b3232d286fcfec1) Importer(815301076,1909f56bfc062723c751e8b465ee728b)  -> (artifact id: '7892f2a9bf8c5ccdc99898a7601c5f21') in 0.117738 seconds 
========================================================================
Received Import Request.
  Time since last request: 0.000239 seconds.
  path: Packages/com.unity.render-pipelines.core/Runtime/Debugging/Prefabs/Fonts/PerfectDOSVGA437.ttf
  artifactKey: Guid(74a5091d8707f334b9a5c31ef71a64ba) Importer(815301076,1909f56bfc062723c751e8b465ee728b)
Start importing Packages/com.unity.render-pipelines.core/Runtime/Debugging/Prefabs/Fonts/PerfectDOSVGA437.ttf using Guid(74a5091d8707f334b9a5c31ef71a64ba) Importer(815301076,1909f56bfc062723c751e8b465ee728b)  -> (artifact id: '9a62c512cb876ab1fc0a40bf465fd284') in 0.170823 seconds 
========================================================================
Received Import Request.
  Time since last request: 0.000089 seconds.
  path: Assets/VR Room/Assets/_Course Library/Source Files/Models/Art_Painting_4.fbx
  artifactKey: Guid(1dff19bba321fd541a14ab1bee60a697) Importer(815301076,1909f56bfc062723c751e8b465ee728b)
Start importing Assets/VR Room/Assets/_Course Library/Source Files/Models/Art_Painting_4.fbx using Guid(1dff19bba321fd541a14ab1bee60a697) Importer(815301076,1909f56bfc062723c751e8b465ee728b)  -> (artifact id: '66dbd7d4c22a38d0bda01237ebf2dd5f') in 0.211467 seconds 
========================================================================
Received Import Request.
  Time since last request: 0.000065 seconds.
  path: Assets/VR Room/Assets/_Course Library/Source Files/Models/Art_Painting_2.fbx
  artifactKey: Guid(9477c868375f7134ab79b2306d22dc6a) Importer(815301076,1909f56bfc062723c751e8b465ee728b)
Start importing Assets/VR Room/Assets/_Course Library/Source Files/Models/Art_Painting_2.fbx using Guid(9477c868375f7134ab79b2306d22dc6a) Importer(815301076,1909f56bfc062723c751e8b465ee728b)  -> (artifact id: '3977857ef8b8490dc072da3275ca7139') in 0.097872 seconds 
========================================================================
Received Import Request.
  Time since last request: 0.000084 seconds.
  path: Assets/VR Room/Assets/Challenges/02_3DPainting/Materials/Blue.mat
  artifactKey: Guid(883b51d7f702a457e914d827f896d06d) Importer(815301076,1909f56bfc062723c751e8b465ee728b)
Start importing Assets/VR Room/Assets/Challenges/02_3DPainting/Materials/Blue.mat using Guid(883b51d7f702a457e914d827f896d06d) Importer(815301076,1909f56bfc062723c751e8b465ee728b)  -> (artifact id: 'b1d8c25ad3fd5c7f2b417a78e3423365') in 0.107089 seconds 
========================================================================
Received Import Request.
  Time since last request: 0.000240 seconds.
  path: Packages/com.unity.searcher/Editor/Resources/FlatSkin/Font/Roboto-BlackItalic.ttf
  artifactKey: Guid(f95147a9bab9fe649b8070170fa7ebd2) Importer(815301076,1909f56bfc062723c751e8b465ee728b)
Start importing Packages/com.unity.searcher/Editor/Resources/FlatSkin/Font/Roboto-BlackItalic.ttf using Guid(f95147a9bab9fe649b8070170fa7ebd2) Importer(815301076,1909f56bfc062723c751e8b465ee728b)  -> (artifact id: 'b6f4fdd7d0d8ea9f7eb91cc3810cafe6') in 0.172088 seconds 
========================================================================
Received Import Request.
  Time since last request: 0.000139 seconds.
  path: Assets/VR Room/Assets/_Course Library/Source Files/Models/Ball_Cricket.fbx
  artifactKey: Guid(dda8659e0174c6048852838fad15ddfa) Importer(815301076,1909f56bfc062723c751e8b465ee728b)
Start importing Assets/VR Room/Assets/_Course Library/Source Files/Models/Ball_Cricket.fbx using Guid(dda8659e0174c6048852838fad15ddfa) Importer(815301076,1909f56bfc062723c751e8b465ee728b)  -> (artifact id: 'bff04f844ad919524fb5c2bd50017ead') in 0.156687 seconds 
========================================================================
Received Import Request.
  Time since last request: 0.000068 seconds.
  path: Assets/VR Room/Assets/_Course Library/_Prefabs/Art/Art_Painting_Mountain.prefab
  artifactKey: Guid(8b55f4b13da640a458a5a4336c489584) Importer(815301076,1909f56bfc062723c751e8b465ee728b)
Start importing Assets/VR Room/Assets/_Course Library/_Prefabs/Art/Art_Painting_Mountain.prefab using Guid(8b55f4b13da640a458a5a4336c489584) Importer(815301076,1909f56bfc062723c751e8b465ee728b)  -> (artifact id: 'b817a92348986a7cc396c146587e9000') in 0.100397 seconds 
========================================================================
Received Import Request.
  Time since last request: 0.000213 seconds.
  path: Assets/VR Room/Assets/_Course Library/Source Files/Models/Clock_Digital.FBX
  artifactKey: Guid(db825e9dcb189af418a836ed20a68ac8) Importer(815301076,1909f56bfc062723c751e8b465ee728b)
Start importing Assets/VR Room/Assets/_Course Library/Source Files/Models/Clock_Digital.FBX using Guid(db825e9dcb189af418a836ed20a68ac8) Importer(815301076,1909f56bfc062723c751e8b465ee728b)  -> (artifact id: 'a7b47308af90215d79bc97d624d938d4') in 0.191750 seconds 
========================================================================
Received Import Request.
  Time since last request: 0.000101 seconds.
  path: Assets/VR Room/Assets/_Course Library/Materials/Solid Colors/BlueGlow.mat
  artifactKey: Guid(f13a1c1a790f97046ab6053e5ebd45eb) Importer(815301076,1909f56bfc062723c751e8b465ee728b)
Start importing Assets/VR Room/Assets/_Course Library/Materials/Solid Colors/BlueGlow.mat using Guid(f13a1c1a790f97046ab6053e5ebd45eb) Importer(815301076,1909f56bfc062723c751e8b465ee728b)  -> (artifact id: 'fbc267faa1dfe22ffc708155bfe6b7a2') in 3.224010 seconds 
========================================================================
Received Import Request.
  Time since last request: 0.000132 seconds.
  path: Assets/VR Room/Assets/Challenges/01_Architecture/Materials/ClipBoardBack.mat
  artifactKey: Guid(c9f96e450492745be8398632c54fe9fb) Importer(815301076,1909f56bfc062723c751e8b465ee728b)
Start importing Assets/VR Room/Assets/Challenges/01_Architecture/Materials/ClipBoardBack.mat using Guid(c9f96e450492745be8398632c54fe9fb) Importer(815301076,1909f56bfc062723c751e8b465ee728b)  -> (artifact id: 'bfbd68deff9b064f56b0bf8e8241d6d2') in 0.102246 seconds 
========================================================================
Received Import Request.
  Time since last request: 0.000127 seconds.
  path: Assets/VR Room/Assets/_Course Library/Source Files/Models/Art_Painting_3.fbx
  artifactKey: Guid(2b2238b54f5ddf94f80c61ab243c13c3) Importer(815301076,1909f56bfc062723c751e8b465ee728b)
Start importing Assets/VR Room/Assets/_Course Library/Source Files/Models/Art_Painting_3.fbx using Guid(2b2238b54f5ddf94f80c61ab243c13c3) Importer(815301076,1909f56bfc062723c751e8b465ee728b)  -> (artifact id: '9e9c8e065f9b8ad123c0deac0b910f7e') in 0.105368 seconds 
========================================================================
Received Import Request.
  Time since last request: 0.000308 seconds.
  path: Assets/VR Room/Assets/_Course Library/_Prefabs/Bins/Bin_Square_White.prefab
  artifactKey: Guid(dbe7b9e1570050841a8f1d6f3ee2629f) Importer(815301076,1909f56bfc062723c751e8b465ee728b)
Start importing Assets/VR Room/Assets/_Course Library/_Prefabs/Bins/Bin_Square_White.prefab using Guid(dbe7b9e1570050841a8f1d6f3ee2629f) Importer(815301076,1909f56bfc062723c751e8b465ee728b)  -> (artifact id: '7d58a9c552816602427f4727726ad8ee') in 0.097780 seconds 
========================================================================
Received Import Request.
  Time since last request: 0.000111 seconds.
  path: Assets/VR Room/Assets/Challenges/01_Architecture/Materials/Cement.mat
  artifactKey: Guid(36b509c3d748ea74ba32a9c8ee14b91c) Importer(815301076,1909f56bfc062723c751e8b465ee728b)
Start importing Assets/VR Room/Assets/Challenges/01_Architecture/Materials/Cement.mat using Guid(36b509c3d748ea74ba32a9c8ee14b91c) Importer(815301076,1909f56bfc062723c751e8b465ee728b)  -> (artifact id: '2e272bb5d7a865a2035308c5b878a594') in 0.101177 seconds 
========================================================================
Received Import Request.
  Time since last request: 0.000046 seconds.
  path: Assets/VR Room/Assets/_Course Library/Source Files/Models/Dimmer_2.FBX
  artifactKey: Guid(33a1c756b70d2774491855713431eb4d) Importer(815301076,1909f56bfc062723c751e8b465ee728b)
Start importing Assets/VR Room/Assets/_Course Library/Source Files/Models/Dimmer_2.FBX using Guid(33a1c756b70d2774491855713431eb4d) Importer(815301076,1909f56bfc062723c751e8b465ee728b)  -> (artifact id: '6c0f7f4881a1f678b58da7aa0ecd0e03') in 0.151684 seconds 
========================================================================
Received Import Request.
  Time since last request: 0.000069 seconds.
  path: Packages/com.unity.searcher/Editor/Resources/FlatSkin/Font/Roboto-Medium.ttf
  artifactKey: Guid(a51a3aebb43ac044989270407476b208) Importer(815301076,1909f56bfc062723c751e8b465ee728b)
Start importing Packages/com.unity.searcher/Editor/Resources/FlatSkin/Font/Roboto-Medium.ttf using Guid(a51a3aebb43ac044989270407476b208) Importer(815301076,1909f56bfc062723c751e8b465ee728b)  -> (artifact id: 'd01a28b35021ce4932f8e1f823c7bd19') in 0.119667 seconds 
========================================================================
Received Import Request.
  Time since last request: 0.000727 seconds.
  path: Packages/com.unity.searcher/Editor/Resources/FlatSkin/Font/Roboto-BoldItalic.ttf
  artifactKey: Guid(dfb97a9307a577a41bcacba34b9a7e32) Importer(815301076,1909f56bfc062723c751e8b465ee728b)
Start importing Packages/com.unity.searcher/Editor/Resources/FlatSkin/Font/Roboto-BoldItalic.ttf using Guid(dfb97a9307a577a41bcacba34b9a7e32) Importer(815301076,1909f56bfc062723c751e8b465ee728b)  -> (artifact id: 'ac0dd15e91190d311b66f006cb42943e') in 0.100839 seconds 
========================================================================
Received Import Request.
  Time since last request: 0.000223 seconds.
  path: Packages/com.unity.searcher/Editor/Resources/FlatSkin/Font/Roboto-Light.ttf
  artifactKey: Guid(2a29e27936eb547458f646f71125b264) Importer(815301076,1909f56bfc062723c751e8b465ee728b)
Start importing Packages/com.unity.searcher/Editor/Resources/FlatSkin/Font/Roboto-Light.ttf using Guid(2a29e27936eb547458f646f71125b264) Importer(815301076,1909f56bfc062723c751e8b465ee728b)  -> (artifact id: '403ba73fcad4f46ebfe4f8c70f152dab') in 0.107363 seconds 
========================================================================
Received Import Request.
  Time since last request: 0.000307 seconds.
  path: Packages/com.unity.searcher/Editor/Resources/FlatSkin/Font/Roboto-LightItalic.ttf
  artifactKey: Guid(5e63515167650a541b309ba3bfd4db3d) Importer(815301076,1909f56bfc062723c751e8b465ee728b)
Start importing Packages/com.unity.searcher/Editor/Resources/FlatSkin/Font/Roboto-LightItalic.ttf using Guid(5e63515167650a541b309ba3bfd4db3d) Importer(815301076,1909f56bfc062723c751e8b465ee728b)  -> (artifact id: '05d6734c1c0095265ed01dd56a03b442') in 0.114947 seconds 
